/mnt/nas05/clusterdata01/home2/f.barbisch/rle-assginment/.venv/lib/python3.12/site-packages/tyro/_parsers.py:344: UserWarning: The field `wandb-entity` is annotated with type `<class 'str'>`, but the default value `None` has type `<class 'NoneType'>`. We'll try to handle this gracefully, but it may cause unexpected behavior.
  warnings.warn(message)
/mnt/nas05/clusterdata01/home2/f.barbisch/rle-assginment/.venv/lib/python3.12/site-packages/tyro/_parsers.py:344: UserWarning: The field `eval-checkpoint` is annotated with type `<class 'str'>`, but the default value `None` has type `<class 'NoneType'>`. We'll try to handle this gracefully, but it may cause unexpected behavior.
  warnings.warn(message)
/mnt/nas05/clusterdata01/home2/f.barbisch/rle-assginment/.venv/lib/python3.12/site-packages/tyro/_parsers.py:344: UserWarning: The field `target-kl` is annotated with type `<class 'float'>`, but the default value `None` has type `<class 'NoneType'>`. We'll try to handle this gracefully, but it may cause unexpected behavior.
  warnings.warn(message)
wandb: Using wandb-core as the SDK backend.  Please refer to https://wandb.me/wandb-core for more information.
wandb: Currently logged in as: florin-barbisch. Use `wandb login --relogin` to force relogin
wandb: Tracking run with wandb version 0.19.1
wandb: Run data is saved locally in /mnt/nas05/clusterdata01/home2/f.barbisch/rle-assginment/wandb/run-20241223_000751-txtlydgm
wandb: Run `wandb offline` to turn off syncing.
wandb: Syncing run ALE/SpaceInvaders-v5__iem_ppo__1__20241223_000744
wandb: ⭐️ View project at https://wandb.ai/florin-barbisch/cleanRL
wandb: 🚀 View run at https://wandb.ai/florin-barbisch/cleanRL/runs/txtlydgm
A.L.E: Arcade Learning Environment (version 0.10.1+unknown)
[Powered by Stella]
Traceback (most recent call last):
  File "/mnt/nas05/clusterdata01/home2/f.barbisch/rle-assginment/iem_ppo.py", line 385, in <module>
    episodic_events = evaluate(
                      ^^^^^^^^^
  File "/mnt/nas05/clusterdata01/home2/f.barbisch/rle-assginment/rle_assignment/ppo_eval.py", line 29, in evaluate
    actions, _, _, _ = agent.get_action_and_value(torch.Tensor(obs).to(device))
    ^^^^^^^^^^^^^^^^
ValueError: too many values to unpack (expected 4)
