/mnt/nas05/clusterdata01/home2/f.barbisch/rle-assginment/.venv/lib/python3.12/site-packages/tyro/_parsers.py:344: UserWarning: The field `wandb-entity` is annotated with type `<class 'str'>`, but the default value `None` has type `<class 'NoneType'>`. We'll try to handle this gracefully, but it may cause unexpected behavior.
  warnings.warn(message)
A.L.E: Arcade Learning Environment (version 0.10.1+unknown)
[Powered by Stella]
eval_episode=0, episodic_return=[155.], episodic_length=[595], episodic_time=[0.280992]
eval_episode=1, episodic_return=[20.], episodic_length=[419], episodic_time=[0.202423]
eval_episode=2, episodic_return=[165.], episodic_length=[504], episodic_time=[0.20227]
eval_episode=3, episodic_return=[30.], episodic_length=[286], episodic_time=[0.112822]
eval_episode=4, episodic_return=[20.], episodic_length=[369], episodic_time=[0.148475]
eval_episode=5, episodic_return=[85.], episodic_length=[459], episodic_time=[0.185287]
eval_episode=6, episodic_return=[90.], episodic_length=[662], episodic_time=[0.26673]
eval_episode=7, episodic_return=[10.], episodic_length=[388], episodic_time=[0.153484]
eval_episode=8, episodic_return=[185.], episodic_length=[643], episodic_time=[0.303473]
eval_episode=9, episodic_return=[100.], episodic_length=[538], episodic_time=[0.224142]
eval_episode=10, episodic_return=[150.], episodic_length=[482], episodic_time=[0.194988]
eval_episode=11, episodic_return=[70.], episodic_length=[442], episodic_time=[0.18153]
eval_episode=12, episodic_return=[205.], episodic_length=[736], episodic_time=[0.300813]
eval_episode=13, episodic_return=[315.], episodic_length=[684], episodic_time=[0.279187]
eval_episode=14, episodic_return=[275.], episodic_length=[557], episodic_time=[0.227076]
eval_episode=15, episodic_return=[155.], episodic_length=[607], episodic_time=[0.24658]
eval_episode=16, episodic_return=[70.], episodic_length=[270], episodic_time=[0.107145]
eval_episode=17, episodic_return=[60.], episodic_length=[342], episodic_time=[0.13779]
eval_episode=18, episodic_return=[145.], episodic_length=[480], episodic_time=[0.196694]
eval_episode=19, episodic_return=[70.], episodic_length=[466], episodic_time=[0.201627]
eval_episode=20, episodic_return=[40.], episodic_length=[444], episodic_time=[0.179799]
eval_episode=21, episodic_return=[25.], episodic_length=[388], episodic_time=[0.152995]
eval_episode=22, episodic_return=[155.], episodic_length=[664], episodic_time=[0.264387]
eval_episode=23, episodic_return=[95.], episodic_length=[472], episodic_time=[0.186934]
eval_episode=24, episodic_return=[195.], episodic_length=[598], episodic_time=[0.237848]
eval_episode=25, episodic_return=[10.], episodic_length=[383], episodic_time=[0.152482]
eval_episode=26, episodic_return=[45.], episodic_length=[364], episodic_time=[0.142966]
eval_episode=27, episodic_return=[275.], episodic_length=[680], episodic_time=[0.312539]
eval_episode=28, episodic_return=[10.], episodic_length=[300], episodic_time=[0.119284]
eval_episode=29, episodic_return=[135.], episodic_length=[607], episodic_time=[0.239352]
eval_episode=30, episodic_return=[100.], episodic_length=[576], episodic_time=[0.229659]
eval_episode=31, episodic_return=[125.], episodic_length=[391], episodic_time=[0.155004]
eval_episode=32, episodic_return=[65.], episodic_length=[392], episodic_time=[0.15727]
eval_episode=33, episodic_return=[80.], episodic_length=[441], episodic_time=[0.1774]
eval_episode=34, episodic_return=[75.], episodic_length=[472], episodic_time=[0.190568]
eval_episode=35, episodic_return=[65.], episodic_length=[270], episodic_time=[0.107247]
eval_episode=36, episodic_return=[20.], episodic_length=[269], episodic_time=[0.104992]
eval_episode=37, episodic_return=[185.], episodic_length=[484], episodic_time=[0.195315]
eval_episode=38, episodic_return=[80.], episodic_length=[631], episodic_time=[0.252911]
eval_episode=39, episodic_return=[160.], episodic_length=[626], episodic_time=[0.25178]
eval_episode=40, episodic_return=[200.], episodic_length=[844], episodic_time=[0.33414]
eval_episode=41, episodic_return=[75.], episodic_length=[288], episodic_time=[0.114185]
eval_episode=42, episodic_return=[35.], episodic_length=[263], episodic_time=[0.102491]
eval_episode=43, episodic_return=[55.], episodic_length=[413], episodic_time=[0.165238]
eval_episode=44, episodic_return=[360.], episodic_length=[651], episodic_time=[0.261386]
eval_episode=45, episodic_return=[55.], episodic_length=[477], episodic_time=[0.190708]
eval_episode=46, episodic_return=[115.], episodic_length=[498], episodic_time=[0.199959]
eval_episode=47, episodic_return=[200.], episodic_length=[527], episodic_time=[0.211996]
eval_episode=48, episodic_return=[35.], episodic_length=[297], episodic_time=[0.117158]
eval_episode=49, episodic_return=[60.], episodic_length=[291], episodic_time=[0.11326]
eval_episode=50, episodic_return=[120.], episodic_length=[554], episodic_time=[0.221837]
eval_episode=51, episodic_return=[60.], episodic_length=[298], episodic_time=[0.117849]
eval_episode=52, episodic_return=[85.], episodic_length=[491], episodic_time=[0.195677]
eval_episode=53, episodic_return=[40.], episodic_length=[370], episodic_time=[0.146742]
eval_episode=54, episodic_return=[185.], episodic_length=[502], episodic_time=[0.199453]
eval_episode=55, episodic_return=[85.], episodic_length=[497], episodic_time=[0.19939]
eval_episode=56, episodic_return=[125.], episodic_length=[491], episodic_time=[0.194949]
eval_episode=57, episodic_return=[30.], episodic_length=[293], episodic_time=[0.114831]
eval_episode=58, episodic_return=[50.], episodic_length=[257], episodic_time=[0.101372]
eval_episode=59, episodic_return=[35.], episodic_length=[422], episodic_time=[0.166435]
eval_episode=60, episodic_return=[105.], episodic_length=[414], episodic_time=[0.163166]
eval_episode=61, episodic_return=[95.], episodic_length=[440], episodic_time=[0.17499]
eval_episode=62, episodic_return=[125.], episodic_length=[522], episodic_time=[0.20697]
eval_episode=63, episodic_return=[110.], episodic_length=[371], episodic_time=[0.146297]
eval_episode=64, episodic_return=[80.], episodic_length=[431], episodic_time=[0.202708]
eval_episode=65, episodic_return=[150.], episodic_length=[564], episodic_time=[0.22735]
eval_episode=66, episodic_return=[220.], episodic_length=[800], episodic_time=[0.319458]
eval_episode=67, episodic_return=[190.], episodic_length=[595], episodic_time=[0.237099]
eval_episode=68, episodic_return=[230.], episodic_length=[719], episodic_time=[0.280208]
eval_episode=69, episodic_return=[65.], episodic_length=[266], episodic_time=[0.103802]
eval_episode=70, episodic_return=[105.], episodic_length=[455], episodic_time=[0.180708]
eval_episode=71, episodic_return=[45.], episodic_length=[462], episodic_time=[0.185855]
eval_episode=72, episodic_return=[90.], episodic_length=[303], episodic_time=[0.117937]
eval_episode=73, episodic_return=[730.], episodic_length=[1081], episodic_time=[0.422018]
eval_episode=74, episodic_return=[410.], episodic_length=[768], episodic_time=[0.309162]
eval_episode=75, episodic_return=[90.], episodic_length=[505], episodic_time=[0.20674]
eval_episode=76, episodic_return=[45.], episodic_length=[290], episodic_time=[0.1162]
eval_episode=77, episodic_return=[100.], episodic_length=[559], episodic_time=[0.227548]
eval_episode=78, episodic_return=[95.], episodic_length=[431], episodic_time=[0.174845]
eval_episode=79, episodic_return=[285.], episodic_length=[595], episodic_time=[0.240847]
eval_episode=80, episodic_return=[320.], episodic_length=[726], episodic_time=[0.292287]
eval_episode=81, episodic_return=[35.], episodic_length=[336], episodic_time=[0.135755]
eval_episode=82, episodic_return=[90.], episodic_length=[478], episodic_time=[0.194152]
eval_episode=83, episodic_return=[190.], episodic_length=[717], episodic_time=[0.29151]
eval_episode=84, episodic_return=[195.], episodic_length=[719], episodic_time=[0.294196]
eval_episode=85, episodic_return=[15.], episodic_length=[409], episodic_time=[0.165897]
eval_episode=86, episodic_return=[120.], episodic_length=[598], episodic_time=[0.243976]
eval_episode=87, episodic_return=[90.], episodic_length=[403], episodic_time=[0.162074]
eval_episode=88, episodic_return=[75.], episodic_length=[443], episodic_time=[0.181644]
eval_episode=89, episodic_return=[70.], episodic_length=[435], episodic_time=[0.177841]
eval_episode=90, episodic_return=[120.], episodic_length=[476], episodic_time=[0.192961]
eval_episode=91, episodic_return=[115.], episodic_length=[498], episodic_time=[0.203736]
eval_episode=92, episodic_return=[110.], episodic_length=[566], episodic_time=[0.226688]
eval_episode=93, episodic_return=[30.], episodic_length=[337], episodic_time=[0.13471]
eval_episode=94, episodic_return=[515.], episodic_length=[687], episodic_time=[0.2742]
eval_episode=95, episodic_return=[150.], episodic_length=[608], episodic_time=[0.24414]
eval_episode=96, episodic_return=[115.], episodic_length=[446], episodic_time=[0.177114]
eval_episode=97, episodic_return=[245.], episodic_length=[697], episodic_time=[0.277729]
eval_episode=98, episodic_return=[50.], episodic_length=[320], episodic_time=[0.12634]
eval_episode=99, episodic_return=[85.], episodic_length=[455], episodic_time=[0.179954]
